Using pre-set license
Built from '2020.3/release' branch; Version is '2020.3.1f1 (77a89f25062f) revision 7841951'; Using compiler version '192528614'; Build Type 'Release'
OS: 'Windows 10 Pro; OS build 19042.1052; Version 2009; 64bit' Language: 'es' Physical Memory: 24573 MB
BatchMode: 1, IsHumanControllingUs: 0, StartBugReporterOnCrash: 0, Is64bit: 1, IsPro: 0

 COMMAND LINE ARGUMENTS:
C:\Program Files\Unity\Hub\Editor\2020.3.1f1\Editor\Unity.exe
-adb2
-batchMode
-noUpm
-name
AssetImportWorker0
-projectPath
C:/Users/Admin/Desktop/2020PC/UCreativa_1_2020/IsometricTopdown
-logFile
Logs/AssetImportWorker0.log
-srvPort
53967
Successfully changed project path to: C:/Users/Admin/Desktop/2020PC/UCreativa_1_2020/IsometricTopdown
C:/Users/Admin/Desktop/2020PC/UCreativa_1_2020/IsometricTopdown
Using Asset Import Pipeline V2.
Refreshing native plugins compatible for Editor in 41.85 ms, found 0 plugins.
Preloading 0 native plugins for Editor in 0.00 ms.
Initialize engine version: 2020.3.1f1 (77a89f25062f)
[Subsystems] Discovering subsystems at path C:/Program Files/Unity/Hub/Editor/2020.3.1f1/Editor/Data/Resources/UnitySubsystems
[Subsystems] Discovering subsystems at path C:/Users/Admin/Desktop/2020PC/UCreativa_1_2020/IsometricTopdown/Assets
GfxDevice: creating device client; threaded=0
Direct3D:
    Version:  Direct3D 11.0 [level 11.1]
    Renderer: Radeon (TM) RX 470 Graphics (ID=0x67df)
    Vendor:   
    VRAM:     4075 MB
    Driver:   27.20.14533.1000
Initialize mono
Mono path[0] = 'C:/Program Files/Unity/Hub/Editor/2020.3.1f1/Editor/Data/Managed'
Mono path[1] = 'C:/Program Files/Unity/Hub/Editor/2020.3.1f1/Editor/Data/MonoBleedingEdge/lib/mono/unityjit'
Mono config path = 'C:/Program Files/Unity/Hub/Editor/2020.3.1f1/Editor/Data/MonoBleedingEdge/etc'
Using monoOptions --debugger-agent=transport=dt_socket,embedding=1,server=y,suspend=n,address=127.0.0.1:56232
Begin MonoManager ReloadAssembly
Registering precompiled unity dll's ...
Register platform support module: C:/Program Files/Unity/Hub/Editor/2020.3.1f1/Editor/Data/PlaybackEngines/WebGLSupport/UnityEditor.WebGL.Extensions.dll
Register platform support module: C:/Program Files/Unity/Hub/Editor/2020.3.1f1/Editor/Data/PlaybackEngines/WindowsStandaloneSupport/UnityEditor.WindowsStandalone.Extensions.dll
Registered in 0.004208 seconds.
Native extension for WindowsStandalone target not found
Native extension for WebGL target not found
Refreshing native plugins compatible for Editor in 36.43 ms, found 0 plugins.
Preloading 0 native plugins for Editor in 0.00 ms.
Invoked RoslynAnalysisRunner static constructor.
RoslynAnalysisRunner will not be running.
RoslynAnalysisRunner has terminated.
Mono: successfully reloaded assembly
- Completed reload, in  2.066 seconds
Platform modules already initialized, skipping
Registering precompiled user dll's ...
Registered in 0.001215 seconds.
Begin MonoManager ReloadAssembly
Native extension for WindowsStandalone target not found
Native extension for WebGL target not found
Refreshing native plugins compatible for Editor in 0.32 ms, found 0 plugins.
Preloading 0 native plugins for Editor in 0.00 ms.
Invoked RoslynAnalysisRunner static constructor.
RoslynAnalysisRunner will not be running.
RoslynAnalysisRunner has terminated.
Mono: successfully reloaded assembly
- Completed reload, in  1.328 seconds
Platform modules already initialized, skipping
========================================================================
Worker process is ready to serve import requests
Launched and connected shader compiler UnityShaderCompiler.exe after 0.05 seconds
Refreshing native plugins compatible for Editor in 0.30 ms, found 0 plugins.
Preloading 0 native plugins for Editor in 0.00 ms.
Unloading 1113 Unused Serialized files (Serialized files now loaded: 0)
System memory in use before: 56.9 MB.
System memory in use after: 57.0 MB.

Unloading 10 unused Assets to reduce memory usage. Loaded Objects now: 1555.
Total: 2.219300 ms (FindLiveObjects: 0.168000 ms CreateObjectMapping: 0.065300 ms MarkObjects: 1.887600 ms  DeleteObjects: 0.097000 ms)

========================================================================
Received Import Request.
  path: Assets
  artifactKey: Guid(00000000000000001000000000000000) Importer(815301076,1909f56bfc062723c751e8b465ee728b)
Start importing Assets using Guid(00000000000000001000000000000000) Importer(815301076,1909f56bfc062723c751e8b465ee728b)  -> (artifact id: 'a6374019befeac6ce670f13ba9960efb') in 0.012618 seconds
  Import took 0.036924 seconds .

========================================================================
Received Import Request.
  Time since last request: 1.638193 seconds.
  path: Assets/New Material.mat
  artifactKey: Guid(9bcc4ba2e261ca942b9c3b4fce9c3b50) Importer(815301076,1909f56bfc062723c751e8b465ee728b)
Start importing Assets/New Material.mat using Guid(9bcc4ba2e261ca942b9c3b4fce9c3b50) Importer(815301076,1909f56bfc062723c751e8b465ee728b)  -> (artifact id: 'b5d2826fe6545ff06ea1d0772f2398bf') in 0.189167 seconds
  Import took 0.191941 seconds .

========================================================================
Received Import Request.
  Time since last request: 421.084017 seconds.
  path: Assets/PlayerColor.mat
  artifactKey: Guid(eb929126ac807724ea88118ecc6ef41c) Importer(815301076,1909f56bfc062723c751e8b465ee728b)
Start importing Assets/PlayerColor.mat using Guid(eb929126ac807724ea88118ecc6ef41c) Importer(815301076,1909f56bfc062723c751e8b465ee728b)  -> (artifact id: 'b1a70c57c20f81051da1e60135b40e21') in 0.023341 seconds
  Import took 0.026235 seconds .

========================================================================
Received Import Request.
  Time since last request: 15.543056 seconds.
  path: Assets/Materials
  artifactKey: Guid(609118d3eca4034409299808357fb5c0) Importer(815301076,1909f56bfc062723c751e8b465ee728b)
Start importing Assets/Materials using Guid(609118d3eca4034409299808357fb5c0) Importer(815301076,1909f56bfc062723c751e8b465ee728b)  -> (artifact id: 'b01c2568b5c668f92f5f29d89339a943') in 0.008441 seconds
  Import took 0.011524 seconds .

========================================================================
Received Import Request.
  Time since last request: 427.542289 seconds.
  path: Assets/Materials/PlayerMovement.cs
  artifactKey: Guid(774666fd5f0f4c049871f0764d166700) Importer(815301076,1909f56bfc062723c751e8b465ee728b)
Start importing Assets/Materials/PlayerMovement.cs using Guid(774666fd5f0f4c049871f0764d166700) Importer(815301076,1909f56bfc062723c751e8b465ee728b)  -> (artifact id: '43bab297a679b52387d655e3951e52dd') in 0.015072 seconds
  Import took 0.017976 seconds .

========================================================================
Received Prepare
Registering precompiled user dll's ...
Registered in 0.001074 seconds.
Begin MonoManager ReloadAssembly
Native extension for WindowsStandalone target not found
Native extension for WebGL target not found
Refreshing native plugins compatible for Editor in 0.45 ms, found 0 plugins.
Preloading 0 native plugins for Editor in 0.00 ms.
Invoked RoslynAnalysisRunner static constructor.
RoslynAnalysisRunner will not be running.
RoslynAnalysisRunner has terminated.
Mono: successfully reloaded assembly
- Completed reload, in  1.293 seconds
Platform modules already initialized, skipping
Refreshing native plugins compatible for Editor in 0.32 ms, found 0 plugins.
Preloading 0 native plugins for Editor in 0.00 ms.
Unloading 1109 Unused Serialized files (Serialized files now loaded: 0)
System memory in use before: 60.2 MB.
System memory in use after: 60.3 MB.

Unloading 5 unused Assets to reduce memory usage. Loaded Objects now: 1599.
Total: 2.204700 ms (FindLiveObjects: 0.179000 ms CreateObjectMapping: 0.057800 ms MarkObjects: 1.902600 ms  DeleteObjects: 0.063700 ms)

========================================================================
Received Prepare
Registering precompiled user dll's ...
Registered in 0.001341 seconds.
Begin MonoManager ReloadAssembly
Native extension for WindowsStandalone target not found
Native extension for WebGL target not found
Refreshing native plugins compatible for Editor in 0.35 ms, found 0 plugins.
Preloading 0 native plugins for Editor in 0.00 ms.
Invoked RoslynAnalysisRunner static constructor.
RoslynAnalysisRunner will not be running.
RoslynAnalysisRunner has terminated.
Mono: successfully reloaded assembly
- Completed reload, in  1.275 seconds
Platform modules already initialized, skipping
Refreshing native plugins compatible for Editor in 0.30 ms, found 0 plugins.
Preloading 0 native plugins for Editor in 0.00 ms.
Unloading 1109 Unused Serialized files (Serialized files now loaded: 0)
System memory in use before: 60.2 MB.
System memory in use after: 60.3 MB.

Unloading 5 unused Assets to reduce memory usage. Loaded Objects now: 1602.
Total: 2.277300 ms (FindLiveObjects: 0.211100 ms CreateObjectMapping: 0.058300 ms MarkObjects: 1.938100 ms  DeleteObjects: 0.067400 ms)

========================================================================
Received Prepare
Registering precompiled user dll's ...
Registered in 0.001190 seconds.
Begin MonoManager ReloadAssembly
Native extension for WindowsStandalone target not found
Native extension for WebGL target not found
Refreshing native plugins compatible for Editor in 0.46 ms, found 0 plugins.
Preloading 0 native plugins for Editor in 0.00 ms.
Invoked RoslynAnalysisRunner static constructor.
RoslynAnalysisRunner will not be running.
RoslynAnalysisRunner has terminated.
Mono: successfully reloaded assembly
- Completed reload, in  1.270 seconds
Platform modules already initialized, skipping
Refreshing native plugins compatible for Editor in 0.31 ms, found 0 plugins.
Preloading 0 native plugins for Editor in 0.00 ms.
Unloading 1109 Unused Serialized files (Serialized files now loaded: 0)
System memory in use before: 60.3 MB.
System memory in use after: 60.3 MB.

Unloading 5 unused Assets to reduce memory usage. Loaded Objects now: 1605.
Total: 2.412200 ms (FindLiveObjects: 0.191200 ms CreateObjectMapping: 0.059400 ms MarkObjects: 2.083100 ms  DeleteObjects: 0.076300 ms)

========================================================================
Received Prepare
Registering precompiled user dll's ...
Registered in 0.001095 seconds.
Begin MonoManager ReloadAssembly
Native extension for WindowsStandalone target not found
Native extension for WebGL target not found
Refreshing native plugins compatible for Editor in 0.32 ms, found 0 plugins.
Preloading 0 native plugins for Editor in 0.00 ms.
Invoked RoslynAnalysisRunner static constructor.
RoslynAnalysisRunner will not be running.
RoslynAnalysisRunner has terminated.
Mono: successfully reloaded assembly
- Completed reload, in  1.323 seconds
Platform modules already initialized, skipping
Refreshing native plugins compatible for Editor in 0.42 ms, found 0 plugins.
Preloading 0 native plugins for Editor in 0.00 ms.
Unloading 1109 Unused Serialized files (Serialized files now loaded: 0)
System memory in use before: 60.3 MB.
System memory in use after: 60.3 MB.

Unloading 5 unused Assets to reduce memory usage. Loaded Objects now: 1608.
Total: 2.704100 ms (FindLiveObjects: 0.376700 ms CreateObjectMapping: 0.064200 ms MarkObjects: 2.192600 ms  DeleteObjects: 0.068600 ms)

========================================================================
Received Prepare
Registering precompiled user dll's ...
Registered in 0.001613 seconds.
Begin MonoManager ReloadAssembly
Native extension for WindowsStandalone target not found
Native extension for WebGL target not found
Refreshing native plugins compatible for Editor in 0.39 ms, found 0 plugins.
Preloading 0 native plugins for Editor in 0.00 ms.
Invoked RoslynAnalysisRunner static constructor.
RoslynAnalysisRunner will not be running.
RoslynAnalysisRunner has terminated.
Mono: successfully reloaded assembly
- Completed reload, in  1.247 seconds
Platform modules already initialized, skipping
Refreshing native plugins compatible for Editor in 0.34 ms, found 0 plugins.
Preloading 0 native plugins for Editor in 0.00 ms.
Unloading 1109 Unused Serialized files (Serialized files now loaded: 0)
System memory in use before: 60.3 MB.
System memory in use after: 60.4 MB.

Unloading 5 unused Assets to reduce memory usage. Loaded Objects now: 1611.
Total: 2.429100 ms (FindLiveObjects: 0.240200 ms CreateObjectMapping: 0.129100 ms MarkObjects: 1.992800 ms  DeleteObjects: 0.065200 ms)

========================================================================
Received Prepare
Registering precompiled user dll's ...
Registered in 0.001080 seconds.
Begin MonoManager ReloadAssembly
Native extension for WindowsStandalone target not found
Native extension for WebGL target not found
Refreshing native plugins compatible for Editor in 0.32 ms, found 0 plugins.
Preloading 0 native plugins for Editor in 0.00 ms.
Invoked RoslynAnalysisRunner static constructor.
RoslynAnalysisRunner will not be running.
RoslynAnalysisRunner has terminated.
Mono: successfully reloaded assembly
- Completed reload, in  1.755 seconds
Platform modules already initialized, skipping
Refreshing native plugins compatible for Editor in 0.32 ms, found 0 plugins.
Preloading 0 native plugins for Editor in 0.00 ms.
Unloading 1110 Unused Serialized files (Serialized files now loaded: 0)
System memory in use before: 60.3 MB.
System memory in use after: 60.4 MB.

Unloading 5 unused Assets to reduce memory usage. Loaded Objects now: 1615.
Total: 3.336500 ms (FindLiveObjects: 0.403100 ms CreateObjectMapping: 0.076500 ms MarkObjects: 2.777600 ms  DeleteObjects: 0.077000 ms)

========================================================================
Received Import Request.
  Time since last request: 2095.340792 seconds.
  path: Assets/Materials/MovimientoCamara.cs
  artifactKey: Guid(c054ae657322b9d48955920081359621) Importer(815301076,1909f56bfc062723c751e8b465ee728b)
Start importing Assets/Materials/MovimientoCamara.cs using Guid(c054ae657322b9d48955920081359621) Importer(815301076,1909f56bfc062723c751e8b465ee728b)  -> (artifact id: '2a2ee747c44925818a7edecf1e293f38') in 0.013259 seconds
  Import took 0.034876 seconds .

========================================================================
Received Prepare
Registering precompiled user dll's ...
Registered in 0.006756 seconds.
Begin MonoManager ReloadAssembly
Native extension for WindowsStandalone target not found
Native extension for WebGL target not found
Refreshing native plugins compatible for Editor in 0.32 ms, found 0 plugins.
Preloading 0 native plugins for Editor in 0.00 ms.
Invoked RoslynAnalysisRunner static constructor.
RoslynAnalysisRunner will not be running.
RoslynAnalysisRunner has terminated.
Mono: successfully reloaded assembly
- Completed reload, in  1.326 seconds
Platform modules already initialized, skipping
Refreshing native plugins compatible for Editor in 0.31 ms, found 0 plugins.
Preloading 0 native plugins for Editor in 0.00 ms.
Unloading 1110 Unused Serialized files (Serialized files now loaded: 0)
System memory in use before: 60.3 MB.
System memory in use after: 60.4 MB.

Unloading 5 unused Assets to reduce memory usage. Loaded Objects now: 1618.
Total: 2.539500 ms (FindLiveObjects: 0.454500 ms CreateObjectMapping: 0.060800 ms MarkObjects: 1.947800 ms  DeleteObjects: 0.073900 ms)

========================================================================
Received Prepare
Registering precompiled user dll's ...
Registered in 0.001075 seconds.
Begin MonoManager ReloadAssembly
Native extension for WindowsStandalone target not found
Native extension for WebGL target not found
Refreshing native plugins compatible for Editor in 0.32 ms, found 0 plugins.
Preloading 0 native plugins for Editor in 0.00 ms.
Invoked RoslynAnalysisRunner static constructor.
RoslynAnalysisRunner will not be running.
RoslynAnalysisRunner has terminated.
Mono: successfully reloaded assembly
- Completed reload, in  1.297 seconds
Platform modules already initialized, skipping
Refreshing native plugins compatible for Editor in 0.31 ms, found 0 plugins.
Preloading 0 native plugins for Editor in 0.00 ms.
Unloading 1110 Unused Serialized files (Serialized files now loaded: 0)
System memory in use before: 60.3 MB.
System memory in use after: 60.4 MB.

Unloading 5 unused Assets to reduce memory usage. Loaded Objects now: 1621.
Total: 2.814800 ms (FindLiveObjects: 0.280400 ms CreateObjectMapping: 0.058200 ms MarkObjects: 2.391400 ms  DeleteObjects: 0.082700 ms)

========================================================================
Received Import Request.
  Time since last request: 409.653997 seconds.
  path: Assets/Materials/MovimientoCamara.cs
  artifactKey: Guid(c054ae657322b9d48955920081359621) Importer(815301076,1909f56bfc062723c751e8b465ee728b)
Start importing Assets/Materials/MovimientoCamara.cs using Guid(c054ae657322b9d48955920081359621) Importer(815301076,1909f56bfc062723c751e8b465ee728b)  -> (artifact id: '2a28cdf875c92d727099c3dd1d80db27') in 0.009398 seconds
  Import took 0.011972 seconds .

========================================================================
Received Prepare
Registering precompiled user dll's ...
Registered in 0.001379 seconds.
Begin MonoManager ReloadAssembly
Native extension for WindowsStandalone target not found
Native extension for WebGL target not found
Refreshing native plugins compatible for Editor in 0.34 ms, found 0 plugins.
Preloading 0 native plugins for Editor in 0.00 ms.
Invoked RoslynAnalysisRunner static constructor.
RoslynAnalysisRunner will not be running.
RoslynAnalysisRunner has terminated.
Mono: successfully reloaded assembly
- Completed reload, in  1.324 seconds
Platform modules already initialized, skipping
Refreshing native plugins compatible for Editor in 0.32 ms, found 0 plugins.
Preloading 0 native plugins for Editor in 0.00 ms.
Unloading 1110 Unused Serialized files (Serialized files now loaded: 0)
System memory in use before: 60.3 MB.
System memory in use after: 60.4 MB.

Unloading 5 unused Assets to reduce memory usage. Loaded Objects now: 1624.
Total: 2.249500 ms (FindLiveObjects: 0.261900 ms CreateObjectMapping: 0.063800 ms MarkObjects: 1.856500 ms  DeleteObjects: 0.065700 ms)

========================================================================
Received Import Request.
  Time since last request: 494.669016 seconds.
  path: Assets/Materials/PlayerColor.mat
  artifactKey: Guid(eb929126ac807724ea88118ecc6ef41c) Importer(815301076,1909f56bfc062723c751e8b465ee728b)
Start importing Assets/Materials/PlayerColor.mat using Guid(eb929126ac807724ea88118ecc6ef41c) Importer(815301076,1909f56bfc062723c751e8b465ee728b)  -> (artifact id: '24fdf92f7c7c753db718acacb955fef8') in 0.089388 seconds
  Import took 0.109142 seconds .

========================================================================
Received Import Request.
  Time since last request: 0.000452 seconds.
  path: Assets/Materials/SurfaceColor.mat
  artifactKey: Guid(9bcc4ba2e261ca942b9c3b4fce9c3b50) Importer(815301076,1909f56bfc062723c751e8b465ee728b)
Start importing Assets/Materials/SurfaceColor.mat using Guid(9bcc4ba2e261ca942b9c3b4fce9c3b50) Importer(815301076,1909f56bfc062723c751e8b465ee728b)  -> (artifact id: '10f3a5de62645966b1ee7ea9d555a172') in 0.018903 seconds
  Import took 0.021271 seconds .

========================================================================
Received Import Request.
  Time since last request: 180.189066 seconds.
  path: Assets/Materials/Bala.prefab
  artifactKey: Guid(f115d6700b8c4574386ffce871f91736) Importer(815301076,1909f56bfc062723c751e8b465ee728b)
Start importing Assets/Materials/Bala.prefab using Guid(f115d6700b8c4574386ffce871f91736) Importer(815301076,1909f56bfc062723c751e8b465ee728b)  -> (artifact id: 'd8041586a8c3dc928402c8c4fc54e7fb') in 0.057688 seconds
  Import took 0.080788 seconds .

========================================================================
Received Import Request.
  Time since last request: 18.591020 seconds.
  path: Assets/Materials/Bala.prefab
  artifactKey: Guid(f115d6700b8c4574386ffce871f91736) Importer(815301076,1909f56bfc062723c751e8b465ee728b)
Start importing Assets/Materials/Bala.prefab using Guid(f115d6700b8c4574386ffce871f91736) Importer(815301076,1909f56bfc062723c751e8b465ee728b)  -> (artifact id: '9f4dcd1fbb13135fb878025ddd211376') in 0.017305 seconds
  Import took 0.020455 seconds .

========================================================================
Received Import Request.
  Time since last request: 2.164570 seconds.
  path: Assets/Materials/Bala.prefab
  artifactKey: Guid(f115d6700b8c4574386ffce871f91736) Importer(815301076,1909f56bfc062723c751e8b465ee728b)
Start importing Assets/Materials/Bala.prefab using Guid(f115d6700b8c4574386ffce871f91736) Importer(815301076,1909f56bfc062723c751e8b465ee728b)  -> (artifact id: '4dfe859c0991140a1ec37d7305cc5236') in 0.015894 seconds
  Import took 0.018617 seconds .

========================================================================
Received Import Request.
  Time since last request: 7.549597 seconds.
  path: Assets/Materials/Bala.prefab
  artifactKey: Guid(f115d6700b8c4574386ffce871f91736) Importer(815301076,1909f56bfc062723c751e8b465ee728b)
Start importing Assets/Materials/Bala.prefab using Guid(f115d6700b8c4574386ffce871f91736) Importer(815301076,1909f56bfc062723c751e8b465ee728b)  -> (artifact id: 'fcfc4b577746d05b33d6c9f21b75b934') in 0.016367 seconds
  Import took 0.019129 seconds .

========================================================================
Received Import Request.
  Time since last request: 23.858610 seconds.
  path: Assets/Materials/Bala.prefab
  artifactKey: Guid(f115d6700b8c4574386ffce871f91736) Importer(815301076,1909f56bfc062723c751e8b465ee728b)
Start importing Assets/Materials/Bala.prefab using Guid(f115d6700b8c4574386ffce871f91736) Importer(815301076,1909f56bfc062723c751e8b465ee728b)  -> (artifact id: '5c7683169383bf815b265ef3e8673cb0') in 0.016860 seconds
  Import took 0.032511 seconds .

========================================================================
Received Import Request.
  Time since last request: 17.882126 seconds.
  path: Assets/Materials/PlayerMovement.cs
  artifactKey: Guid(774666fd5f0f4c049871f0764d166700) Importer(815301076,1909f56bfc062723c751e8b465ee728b)
Start importing Assets/Materials/PlayerMovement.cs using Guid(774666fd5f0f4c049871f0764d166700) Importer(815301076,1909f56bfc062723c751e8b465ee728b)  -> (artifact id: 'ccbef6bee8ef22dcd8c9e8f46e7fdf03') in 0.003392 seconds
  Import took 0.020137 seconds .

========================================================================
Received Prepare
Registering precompiled user dll's ...
Registered in 0.001452 seconds.
Begin MonoManager ReloadAssembly
Native extension for WindowsStandalone target not found
Native extension for WebGL target not found
Refreshing native plugins compatible for Editor in 0.37 ms, found 0 plugins.
Preloading 0 native plugins for Editor in 0.00 ms.
Invoked RoslynAnalysisRunner static constructor.
RoslynAnalysisRunner will not be running.
RoslynAnalysisRunner has terminated.
Mono: successfully reloaded assembly
- Completed reload, in  1.304 seconds
Platform modules already initialized, skipping
Refreshing native plugins compatible for Editor in 0.47 ms, found 0 plugins.
Preloading 0 native plugins for Editor in 0.00 ms.
Unloading 1110 Unused Serialized files (Serialized files now loaded: 0)
System memory in use before: 60.4 MB.
System memory in use after: 60.5 MB.

Unloading 5 unused Assets to reduce memory usage. Loaded Objects now: 1629.
Total: 2.706800 ms (FindLiveObjects: 0.208200 ms CreateObjectMapping: 0.059100 ms MarkObjects: 2.366900 ms  DeleteObjects: 0.070300 ms)

========================================================================
Received Import Request.
  Time since last request: 33.121232 seconds.
  path: Assets/BalaBehaviour.cs
  artifactKey: Guid(b65b55b93a38a4840a02b3ddd6e755cf) Importer(815301076,1909f56bfc062723c751e8b465ee728b)
Start importing Assets/BalaBehaviour.cs using Guid(b65b55b93a38a4840a02b3ddd6e755cf) Importer(815301076,1909f56bfc062723c751e8b465ee728b)  -> (artifact id: '5ba698141c5da8510d429398b29e6838') in 0.015082 seconds
  Import took 0.018535 seconds .

========================================================================
Received Prepare
Registering precompiled user dll's ...
Registered in 0.001058 seconds.
Begin MonoManager ReloadAssembly
Native extension for WindowsStandalone target not found
Native extension for WebGL target not found
Refreshing native plugins compatible for Editor in 0.32 ms, found 0 plugins.
Preloading 0 native plugins for Editor in 0.00 ms.
Invoked RoslynAnalysisRunner static constructor.
RoslynAnalysisRunner will not be running.
RoslynAnalysisRunner has terminated.
Mono: successfully reloaded assembly
- Completed reload, in  1.395 seconds
Platform modules already initialized, skipping
Refreshing native plugins compatible for Editor in 0.30 ms, found 0 plugins.
Preloading 0 native plugins for Editor in 0.00 ms.
Unloading 1111 Unused Serialized files (Serialized files now loaded: 0)
System memory in use before: 60.4 MB.
System memory in use after: 60.5 MB.

Unloading 5 unused Assets to reduce memory usage. Loaded Objects now: 1633.
Total: 2.589500 ms (FindLiveObjects: 0.315800 ms CreateObjectMapping: 0.071800 ms MarkObjects: 2.121300 ms  DeleteObjects: 0.078500 ms)

========================================================================
Received Import Request.
  Time since last request: 17.907926 seconds.
  path: Assets/Scripts
  artifactKey: Guid(83c21d3cb66d5e64f8464419a1d0557b) Importer(815301076,1909f56bfc062723c751e8b465ee728b)
Start importing Assets/Scripts using Guid(83c21d3cb66d5e64f8464419a1d0557b) Importer(815301076,1909f56bfc062723c751e8b465ee728b)  -> (artifact id: 'b0462f636c1724a91087905f5e9f199b') in 0.014028 seconds
  Import took 0.016787 seconds .

========================================================================
Received Prepare
Registering precompiled user dll's ...
Registered in 0.001040 seconds.
Begin MonoManager ReloadAssembly
Native extension for WindowsStandalone target not found
Native extension for WebGL target not found
Refreshing native plugins compatible for Editor in 0.34 ms, found 0 plugins.
Preloading 0 native plugins for Editor in 0.00 ms.
Invoked RoslynAnalysisRunner static constructor.
RoslynAnalysisRunner will not be running.
RoslynAnalysisRunner has terminated.
Mono: successfully reloaded assembly
- Completed reload, in  1.277 seconds
Platform modules already initialized, skipping
Refreshing native plugins compatible for Editor in 0.31 ms, found 0 plugins.
Preloading 0 native plugins for Editor in 0.00 ms.
Unloading 1111 Unused Serialized files (Serialized files now loaded: 0)
System memory in use before: 60.4 MB.
System memory in use after: 60.5 MB.

Unloading 5 unused Assets to reduce memory usage. Loaded Objects now: 1636.
Total: 2.318600 ms (FindLiveObjects: 0.278300 ms CreateObjectMapping: 0.058300 ms MarkObjects: 1.910900 ms  DeleteObjects: 0.069000 ms)

========================================================================
Received Prepare
Registering precompiled user dll's ...
Registered in 0.001211 seconds.
Begin MonoManager ReloadAssembly
Native extension for WindowsStandalone target not found
Native extension for WebGL target not found
Refreshing native plugins compatible for Editor in 0.32 ms, found 0 plugins.
Preloading 0 native plugins for Editor in 0.00 ms.
Invoked RoslynAnalysisRunner static constructor.
RoslynAnalysisRunner will not be running.
RoslynAnalysisRunner has terminated.
Mono: successfully reloaded assembly
- Completed reload, in  1.370 seconds
Platform modules already initialized, skipping
Refreshing native plugins compatible for Editor in 0.32 ms, found 0 plugins.
Preloading 0 native plugins for Editor in 0.00 ms.
Unloading 1111 Unused Serialized files (Serialized files now loaded: 0)
System memory in use before: 60.4 MB.
System memory in use after: 60.5 MB.

Unloading 5 unused Assets to reduce memory usage. Loaded Objects now: 1639.
Total: 2.428800 ms (FindLiveObjects: 0.184300 ms CreateObjectMapping: 0.059100 ms MarkObjects: 2.113900 ms  DeleteObjects: 0.069600 ms)

========================================================================
Received Import Request.
  Time since last request: 529.924483 seconds.
  path: Assets/Scripts/BalaBehaviour.cs
  artifactKey: Guid(b65b55b93a38a4840a02b3ddd6e755cf) Importer(815301076,1909f56bfc062723c751e8b465ee728b)
Start importing Assets/Scripts/BalaBehaviour.cs using Guid(b65b55b93a38a4840a02b3ddd6e755cf) Importer(815301076,1909f56bfc062723c751e8b465ee728b)  -> (artifact id: '89d58ed5bd65b6c46e63e3e960a85741') in 0.009755 seconds
  Import took 0.012669 seconds .

========================================================================
Received Import Request.
  Time since last request: 39.142979 seconds.
  path: Assets/Bala.prefab
  artifactKey: Guid(f115d6700b8c4574386ffce871f91736) Importer(815301076,1909f56bfc062723c751e8b465ee728b)
Start importing Assets/Bala.prefab using Guid(f115d6700b8c4574386ffce871f91736) Importer(815301076,1909f56bfc062723c751e8b465ee728b)  -> (artifact id: '8529b4dc6ef6022af64427f7c4d4f2b3') in 0.088961 seconds
  Import took 0.106695 seconds .

========================================================================
Received Import Request.
  Time since last request: 99.501194 seconds.
  path: Assets/Scripts/ArmaBehaviour.cs
  artifactKey: Guid(64ed27c6e4dfc1c43a2d02955746786b) Importer(815301076,1909f56bfc062723c751e8b465ee728b)
Start importing Assets/Scripts/ArmaBehaviour.cs using Guid(64ed27c6e4dfc1c43a2d02955746786b) Importer(815301076,1909f56bfc062723c751e8b465ee728b)  -> (artifact id: 'f5408a6c7d4c9054f8729dd7d573e411') in 0.011001 seconds
  Import took 0.029697 seconds .

========================================================================
Received Prepare
Registering precompiled user dll's ...
Registered in 0.001556 seconds.
Begin MonoManager ReloadAssembly
Native extension for WindowsStandalone target not found
Native extension for WebGL target not found
Refreshing native plugins compatible for Editor in 0.32 ms, found 0 plugins.
Preloading 0 native plugins for Editor in 0.00 ms.
Invoked RoslynAnalysisRunner static constructor.
RoslynAnalysisRunner will not be running.
RoslynAnalysisRunner has terminated.
Mono: successfully reloaded assembly
- Completed reload, in  1.324 seconds
Platform modules already initialized, skipping
Refreshing native plugins compatible for Editor in 0.31 ms, found 0 plugins.
Preloading 0 native plugins for Editor in 0.00 ms.
Unloading 1112 Unused Serialized files (Serialized files now loaded: 0)
System memory in use before: 60.5 MB.
System memory in use after: 60.5 MB.

Unloading 5 unused Assets to reduce memory usage. Loaded Objects now: 1644.
Total: 2.226700 ms (FindLiveObjects: 0.188000 ms CreateObjectMapping: 0.059200 ms MarkObjects: 1.906000 ms  DeleteObjects: 0.071600 ms)

========================================================================
Received Prepare
Registering precompiled user dll's ...
Registered in 0.001538 seconds.
Begin MonoManager ReloadAssembly
Native extension for WindowsStandalone target not found
Native extension for WebGL target not found
Refreshing native plugins compatible for Editor in 0.32 ms, found 0 plugins.
Preloading 0 native plugins for Editor in 0.00 ms.
Invoked RoslynAnalysisRunner static constructor.
RoslynAnalysisRunner will not be running.
RoslynAnalysisRunner has terminated.
Mono: successfully reloaded assembly
- Completed reload, in  1.322 seconds
Platform modules already initialized, skipping
Refreshing native plugins compatible for Editor in 0.32 ms, found 0 plugins.
Preloading 0 native plugins for Editor in 0.00 ms.
Unloading 1112 Unused Serialized files (Serialized files now loaded: 0)
System memory in use before: 60.5 MB.
System memory in use after: 60.5 MB.

Unloading 5 unused Assets to reduce memory usage. Loaded Objects now: 1647.
Total: 2.464400 ms (FindLiveObjects: 0.247100 ms CreateObjectMapping: 0.056100 ms MarkObjects: 2.087100 ms  DeleteObjects: 0.072500 ms)

========================================================================
Received Import Request.
  Time since last request: 495.117583 seconds.
  path: Assets/Scripts/ArmaBehaviour.cs
  artifactKey: Guid(64ed27c6e4dfc1c43a2d02955746786b) Importer(815301076,1909f56bfc062723c751e8b465ee728b)
Start importing Assets/Scripts/ArmaBehaviour.cs using Guid(64ed27c6e4dfc1c43a2d02955746786b) Importer(815301076,1909f56bfc062723c751e8b465ee728b)  -> (artifact id: '8c3b14d2ceb9184967bb855d107e444f') in 0.005578 seconds
  Import took 0.022659 seconds .

========================================================================
Received Prepare
Registering precompiled user dll's ...
Registered in 0.001116 seconds.
Begin MonoManager ReloadAssembly
Native extension for WindowsStandalone target not found
Native extension for WebGL target not found
Refreshing native plugins compatible for Editor in 0.32 ms, found 0 plugins.
Preloading 0 native plugins for Editor in 0.00 ms.
Invoked RoslynAnalysisRunner static constructor.
RoslynAnalysisRunner will not be running.
RoslynAnalysisRunner has terminated.
Mono: successfully reloaded assembly
- Completed reload, in  1.284 seconds
Platform modules already initialized, skipping
Refreshing native plugins compatible for Editor in 0.32 ms, found 0 plugins.
Preloading 0 native plugins for Editor in 0.00 ms.
Unloading 1112 Unused Serialized files (Serialized files now loaded: 0)
System memory in use before: 60.5 MB.
System memory in use after: 60.6 MB.

Unloading 5 unused Assets to reduce memory usage. Loaded Objects now: 1650.
Total: 2.386500 ms (FindLiveObjects: 0.273600 ms CreateObjectMapping: 0.063700 ms MarkObjects: 1.978900 ms  DeleteObjects: 0.068100 ms)

========================================================================
Received Prepare
Registering precompiled user dll's ...
Registered in 0.001059 seconds.
Begin MonoManager ReloadAssembly
Native extension for WindowsStandalone target not found
Native extension for WebGL target not found
Refreshing native plugins compatible for Editor in 0.32 ms, found 0 plugins.
Preloading 0 native plugins for Editor in 0.00 ms.
Invoked RoslynAnalysisRunner static constructor.
RoslynAnalysisRunner will not be running.
RoslynAnalysisRunner has terminated.
Mono: successfully reloaded assembly
- Completed reload, in  1.297 seconds
Platform modules already initialized, skipping
Refreshing native plugins compatible for Editor in 0.33 ms, found 0 plugins.
Preloading 0 native plugins for Editor in 0.00 ms.
Unloading 1112 Unused Serialized files (Serialized files now loaded: 0)
System memory in use before: 60.5 MB.
System memory in use after: 60.6 MB.

Unloading 5 unused Assets to reduce memory usage. Loaded Objects now: 1653.
Total: 2.539600 ms (FindLiveObjects: 0.461100 ms CreateObjectMapping: 0.069500 ms MarkObjects: 1.934800 ms  DeleteObjects: 0.072100 ms)

========================================================================
Received Import Request.
  Time since last request: 394.998601 seconds.
  path: Assets/Scripts/PlayerMovement.cs
  artifactKey: Guid(774666fd5f0f4c049871f0764d166700) Importer(815301076,1909f56bfc062723c751e8b465ee728b)
Start importing Assets/Scripts/PlayerMovement.cs using Guid(774666fd5f0f4c049871f0764d166700) Importer(815301076,1909f56bfc062723c751e8b465ee728b)  -> (artifact id: '797773111b90a2b4fd8aa958ad4a07cd') in 0.014654 seconds
  Import took 0.017877 seconds .

========================================================================
Received Prepare
Registering precompiled user dll's ...
Registered in 0.001145 seconds.
Begin MonoManager ReloadAssembly
Native extension for WindowsStandalone target not found
Native extension for WebGL target not found
Refreshing native plugins compatible for Editor in 0.31 ms, found 0 plugins.
Preloading 0 native plugins for Editor in 0.00 ms.
Invoked RoslynAnalysisRunner static constructor.
RoslynAnalysisRunner will not be running.
RoslynAnalysisRunner has terminated.
Mono: successfully reloaded assembly
- Completed reload, in  1.271 seconds
Platform modules already initialized, skipping
Refreshing native plugins compatible for Editor in 0.31 ms, found 0 plugins.
Preloading 0 native plugins for Editor in 0.00 ms.
Unloading 1112 Unused Serialized files (Serialized files now loaded: 0)
System memory in use before: 60.5 MB.
System memory in use after: 60.6 MB.

Unloading 5 unused Assets to reduce memory usage. Loaded Objects now: 1656.
Total: 2.769900 ms (FindLiveObjects: 0.191000 ms CreateObjectMapping: 0.058400 ms MarkObjects: 2.437500 ms  DeleteObjects: 0.080800 ms)

========================================================================
Received Prepare
Registering precompiled user dll's ...
Registered in 0.001080 seconds.
Begin MonoManager ReloadAssembly
Native extension for WindowsStandalone target not found
Native extension for WebGL target not found
Refreshing native plugins compatible for Editor in 0.32 ms, found 0 plugins.
Preloading 0 native plugins for Editor in 0.00 ms.
Invoked RoslynAnalysisRunner static constructor.
RoslynAnalysisRunner will not be running.
RoslynAnalysisRunner has terminated.
Mono: successfully reloaded assembly
- Completed reload, in  1.307 seconds
Platform modules already initialized, skipping
Refreshing native plugins compatible for Editor in 0.30 ms, found 0 plugins.
Preloading 0 native plugins for Editor in 0.00 ms.
Unloading 1112 Unused Serialized files (Serialized files now loaded: 0)
System memory in use before: 60.5 MB.
System memory in use after: 60.6 MB.

Unloading 5 unused Assets to reduce memory usage. Loaded Objects now: 1659.
Total: 2.978500 ms (FindLiveObjects: 0.533200 ms CreateObjectMapping: 0.077600 ms MarkObjects: 2.276400 ms  DeleteObjects: 0.087900 ms)

========================================================================
Received Import Request.
  Time since last request: 119.244450 seconds.
  path: Assets/Bala.prefab
  artifactKey: Guid(f115d6700b8c4574386ffce871f91736) Importer(815301076,1909f56bfc062723c751e8b465ee728b)
Start importing Assets/Bala.prefab using Guid(f115d6700b8c4574386ffce871f91736) Importer(815301076,1909f56bfc062723c751e8b465ee728b)  -> (artifact id: '22d3a2b84a76b28895758156614d8297') in 0.085326 seconds
  Import took 0.088249 seconds .

========================================================================
Received Import Request.
  Time since last request: 2.703851 seconds.
  path: Assets/Bala.prefab
  artifactKey: Guid(f115d6700b8c4574386ffce871f91736) Importer(815301076,1909f56bfc062723c751e8b465ee728b)
Start importing Assets/Bala.prefab using Guid(f115d6700b8c4574386ffce871f91736) Importer(815301076,1909f56bfc062723c751e8b465ee728b)  -> (artifact id: 'dbab1f5df6dd9b0bd98eaad7134a05f8') in 0.015778 seconds
  Import took 0.018532 seconds .

========================================================================
Received Prepare
Registering precompiled user dll's ...
Registered in 0.001422 seconds.
Begin MonoManager ReloadAssembly
Native extension for WindowsStandalone target not found
Native extension for WebGL target not found
Refreshing native plugins compatible for Editor in 0.32 ms, found 0 plugins.
Preloading 0 native plugins for Editor in 0.00 ms.
Invoked RoslynAnalysisRunner static constructor.
RoslynAnalysisRunner will not be running.
RoslynAnalysisRunner has terminated.
Mono: successfully reloaded assembly
- Completed reload, in  1.290 seconds
Platform modules already initialized, skipping
Refreshing native plugins compatible for Editor in 0.32 ms, found 0 plugins.
Preloading 0 native plugins for Editor in 0.00 ms.
Unloading 1112 Unused Serialized files (Serialized files now loaded: 0)
System memory in use before: 60.5 MB.
System memory in use after: 60.6 MB.

Unloading 5 unused Assets to reduce memory usage. Loaded Objects now: 1663.
Total: 2.566700 ms (FindLiveObjects: 0.226000 ms CreateObjectMapping: 0.063200 ms MarkObjects: 2.199000 ms  DeleteObjects: 0.076200 ms)

========================================================================
Received Prepare
Registering precompiled user dll's ...
Registered in 0.001092 seconds.
Begin MonoManager ReloadAssembly
Native extension for WindowsStandalone target not found
Native extension for WebGL target not found
Refreshing native plugins compatible for Editor in 0.32 ms, found 0 plugins.
Preloading 0 native plugins for Editor in 0.00 ms.
Invoked RoslynAnalysisRunner static constructor.
RoslynAnalysisRunner will not be running.
RoslynAnalysisRunner has terminated.
Mono: successfully reloaded assembly
- Completed reload, in  1.384 seconds
Platform modules already initialized, skipping
Refreshing native plugins compatible for Editor in 0.30 ms, found 0 plugins.
Preloading 0 native plugins for Editor in 0.00 ms.
Unloading 1112 Unused Serialized files (Serialized files now loaded: 0)
System memory in use before: 60.5 MB.
System memory in use after: 60.6 MB.

Unloading 5 unused Assets to reduce memory usage. Loaded Objects now: 1666.
Total: 2.333900 ms (FindLiveObjects: 0.241200 ms CreateObjectMapping: 0.058500 ms MarkObjects: 1.964500 ms  DeleteObjects: 0.067600 ms)

========================================================================
Received Import Request.
  Time since last request: 218.254029 seconds.
  path: Assets/Bala.prefab
  artifactKey: Guid(f115d6700b8c4574386ffce871f91736) Importer(815301076,1909f56bfc062723c751e8b465ee728b)
Start importing Assets/Bala.prefab using Guid(f115d6700b8c4574386ffce871f91736) Importer(815301076,1909f56bfc062723c751e8b465ee728b)  -> (artifact id: 'afd12a12af6dc29daf033ac6c900bacd') in 0.092070 seconds
  Import took 0.094982 seconds .

========================================================================
Received Prepare
Registering precompiled user dll's ...
Registered in 0.001086 seconds.
Begin MonoManager ReloadAssembly
Native extension for WindowsStandalone target not found
Native extension for WebGL target not found
Refreshing native plugins compatible for Editor in 0.44 ms, found 0 plugins.
Preloading 0 native plugins for Editor in 0.00 ms.
Invoked RoslynAnalysisRunner static constructor.
RoslynAnalysisRunner will not be running.
RoslynAnalysisRunner has terminated.
Mono: successfully reloaded assembly
- Completed reload, in  1.313 seconds
Platform modules already initialized, skipping
Refreshing native plugins compatible for Editor in 0.34 ms, found 0 plugins.
Preloading 0 native plugins for Editor in 0.00 ms.
Unloading 1112 Unused Serialized files (Serialized files now loaded: 0)
System memory in use before: 60.5 MB.
System memory in use after: 60.6 MB.

Unloading 5 unused Assets to reduce memory usage. Loaded Objects now: 1670.
Total: 2.320000 ms (FindLiveObjects: 0.256100 ms CreateObjectMapping: 0.058500 ms MarkObjects: 1.933500 ms  DeleteObjects: 0.069700 ms)

========================================================================
Received Import Request.
  Time since last request: 41.894101 seconds.
  path: Assets/Bala.prefab
  artifactKey: Guid(f115d6700b8c4574386ffce871f91736) Importer(815301076,1909f56bfc062723c751e8b465ee728b)
Start importing Assets/Bala.prefab using Guid(f115d6700b8c4574386ffce871f91736) Importer(815301076,1909f56bfc062723c751e8b465ee728b)  -> (artifact id: 'bcdfc1d4f59df9c6cf4138fe230a5065') in 0.082726 seconds
  Import took 0.085995 seconds .

========================================================================
Received Import Request.
  Time since last request: 2.182571 seconds.
  path: Assets/Bala.prefab
  artifactKey: Guid(f115d6700b8c4574386ffce871f91736) Importer(815301076,1909f56bfc062723c751e8b465ee728b)
Start importing Assets/Bala.prefab using Guid(f115d6700b8c4574386ffce871f91736) Importer(815301076,1909f56bfc062723c751e8b465ee728b)  -> (artifact id: 'bcdfc1d4f59df9c6cf4138fe230a5065') in 0.019693 seconds
  Import took 0.023562 seconds .

========================================================================
Received Prepare
Registering precompiled user dll's ...
Registered in 0.001114 seconds.
Begin MonoManager ReloadAssembly
Native extension for WindowsStandalone target not found
Native extension for WebGL target not found
Refreshing native plugins compatible for Editor in 0.33 ms, found 0 plugins.
Preloading 0 native plugins for Editor in 0.00 ms.
Invoked RoslynAnalysisRunner static constructor.
RoslynAnalysisRunner will not be running.
RoslynAnalysisRunner has terminated.
Mono: successfully reloaded assembly
- Completed reload, in  1.311 seconds
Platform modules already initialized, skipping
Refreshing native plugins compatible for Editor in 0.31 ms, found 0 plugins.
Preloading 0 native plugins for Editor in 0.00 ms.
Unloading 1112 Unused Serialized files (Serialized files now loaded: 0)
System memory in use before: 60.5 MB.
System memory in use after: 60.6 MB.

Unloading 5 unused Assets to reduce memory usage. Loaded Objects now: 1674.
Total: 2.371800 ms (FindLiveObjects: 0.316300 ms CreateObjectMapping: 0.069600 ms MarkObjects: 1.913500 ms  DeleteObjects: 0.070500 ms)

========================================================================
Received Import Request.
  Time since last request: 43.664171 seconds.
  path: Assets/Bala.prefab
  artifactKey: Guid(f115d6700b8c4574386ffce871f91736) Importer(815301076,1909f56bfc062723c751e8b465ee728b)
Start importing Assets/Bala.prefab using Guid(f115d6700b8c4574386ffce871f91736) Importer(815301076,1909f56bfc062723c751e8b465ee728b)  -> (artifact id: '307da334a0c6aa34c888ee07f104ead3') in 0.080592 seconds
  Import took 0.083812 seconds .

========================================================================
Received Import Request.
  Time since last request: 3.640725 seconds.
  path: Assets/Bala.prefab
  artifactKey: Guid(f115d6700b8c4574386ffce871f91736) Importer(815301076,1909f56bfc062723c751e8b465ee728b)
Start importing Assets/Bala.prefab using Guid(f115d6700b8c4574386ffce871f91736) Importer(815301076,1909f56bfc062723c751e8b465ee728b)  -> (artifact id: 'cc04e1b5ba4abad101568034c35c3730') in 0.014883 seconds
  Import took 0.017598 seconds .

========================================================================
Received Import Request.
  Time since last request: 0.017038 seconds.
  path: Assets/Bala.prefab
  artifactKey: Guid(f115d6700b8c4574386ffce871f91736) Importer(815301076,1909f56bfc062723c751e8b465ee728b)
Start importing Assets/Bala.prefab using Guid(f115d6700b8c4574386ffce871f91736) Importer(815301076,1909f56bfc062723c751e8b465ee728b)  -> (artifact id: 'cc04e1b5ba4abad101568034c35c3730') in 0.014982 seconds
  Import took 0.018121 seconds .

========================================================================
Received Prepare
Registering precompiled user dll's ...
Registered in 0.001135 seconds.
Begin MonoManager ReloadAssembly
Native extension for WindowsStandalone target not found
Native extension for WebGL target not found
Refreshing native plugins compatible for Editor in 0.50 ms, found 0 plugins.
Preloading 0 native plugins for Editor in 0.00 ms.
Invoked RoslynAnalysisRunner static constructor.
RoslynAnalysisRunner will not be running.
RoslynAnalysisRunner has terminated.
Mono: successfully reloaded assembly
- Completed reload, in  1.296 seconds
Platform modules already initialized, skipping
Refreshing native plugins compatible for Editor in 0.32 ms, found 0 plugins.
Preloading 0 native plugins for Editor in 0.00 ms.
Unloading 1112 Unused Serialized files (Serialized files now loaded: 0)
System memory in use before: 60.6 MB.
System memory in use after: 60.6 MB.

Unloading 5 unused Assets to reduce memory usage. Loaded Objects now: 1678.
Total: 2.299000 ms (FindLiveObjects: 0.174400 ms CreateObjectMapping: 0.057600 ms MarkObjects: 2.001300 ms  DeleteObjects: 0.064300 ms)

========================================================================
Received Import Request.
  Time since last request: 3612.447458 seconds.
  path: Assets/PlayerIdle.blend
  artifactKey: Guid(0953727f55cf2774f8c321fce51e1d7e) Importer(815301076,1909f56bfc062723c751e8b465ee728b)
Start importing Assets/PlayerIdle.blend using Guid(0953727f55cf2774f8c321fce51e1d7e) Importer(815301076,1909f56bfc062723c751e8b465ee728b)  -> (artifact id: '513172732c0de462c0e06596b7056f92') in 0.326578 seconds
  Import took 0.330842 seconds .

========================================================================
Received Import Request.
  Time since last request: 164.222903 seconds.
  path: Assets/PlayerIdleShoot.blend
  artifactKey: Guid(9c65d7b31465dcf44a9acfe4513825c5) Importer(815301076,1909f56bfc062723c751e8b465ee728b)
Start importing Assets/PlayerIdleShoot.blend using Guid(9c65d7b31465dcf44a9acfe4513825c5) Importer(815301076,1909f56bfc062723c751e8b465ee728b)  -> (artifact id: '526db868aeb38dfef3bee81ad027ae46') in 0.048472 seconds
  Import took 0.052459 seconds .

========================================================================
Received Import Request.
  Time since last request: 815.499204 seconds.
  path: Assets/PlayerIdleShoot.fbx
  artifactKey: Guid(442ce58c62bfdd94a9b14b69cd018981) Importer(815301076,1909f56bfc062723c751e8b465ee728b)
Start importing Assets/PlayerIdleShoot.fbx using Guid(442ce58c62bfdd94a9b14b69cd018981) Importer(815301076,1909f56bfc062723c751e8b465ee728b)  -> (artifact id: 'e793a11cfb3045284a2e50892f1a781d') in 0.073489 seconds
  Import took 0.076802 seconds .

========================================================================
Received Prepare
Registering precompiled user dll's ...
Registered in 0.001256 seconds.
Begin MonoManager ReloadAssembly
Native extension for WindowsStandalone target not found
Native extension for WebGL target not found
Refreshing native plugins compatible for Editor in 0.31 ms, found 0 plugins.
Preloading 0 native plugins for Editor in 0.00 ms.
Invoked RoslynAnalysisRunner static constructor.
RoslynAnalysisRunner will not be running.
RoslynAnalysisRunner has terminated.
Mono: successfully reloaded assembly
- Completed reload, in  1.234 seconds
Platform modules already initialized, skipping
Refreshing native plugins compatible for Editor in 0.30 ms, found 0 plugins.
Preloading 0 native plugins for Editor in 0.00 ms.
Unloading 1112 Unused Serialized files (Serialized files now loaded: 0)
System memory in use before: 74.8 MB.
System memory in use after: 74.8 MB.

Unloading 5 unused Assets to reduce memory usage. Loaded Objects now: 1686.
Total: 2.281700 ms (FindLiveObjects: 0.188800 ms CreateObjectMapping: 0.057600 ms MarkObjects: 1.962000 ms  DeleteObjects: 0.071700 ms)

========================================================================
Received Prepare
Registering precompiled user dll's ...
Registered in 0.001525 seconds.
Begin MonoManager ReloadAssembly
Native extension for WindowsStandalone target not found
Native extension for WebGL target not found
Refreshing native plugins compatible for Editor in 0.31 ms, found 0 plugins.
Preloading 0 native plugins for Editor in 0.00 ms.
Invoked RoslynAnalysisRunner static constructor.
RoslynAnalysisRunner will not be running.
RoslynAnalysisRunner has terminated.
Mono: successfully reloaded assembly
- Completed reload, in  1.248 seconds
Platform modules already initialized, skipping
Refreshing native plugins compatible for Editor in 0.30 ms, found 0 plugins.
Preloading 0 native plugins for Editor in 0.00 ms.
Unloading 1112 Unused Serialized files (Serialized files now loaded: 0)
System memory in use before: 74.8 MB.
System memory in use after: 74.8 MB.

Unloading 5 unused Assets to reduce memory usage. Loaded Objects now: 1689.
Total: 2.268800 ms (FindLiveObjects: 0.229200 ms CreateObjectMapping: 0.080800 ms MarkObjects: 1.883200 ms  DeleteObjects: 0.073600 ms)

========================================================================
Received Import Request.
  Time since last request: 793.208269 seconds.
  path: Assets/Bala.prefab
  artifactKey: Guid(f115d6700b8c4574386ffce871f91736) Importer(815301076,1909f56bfc062723c751e8b465ee728b)
Start importing Assets/Bala.prefab using Guid(f115d6700b8c4574386ffce871f91736) Importer(815301076,1909f56bfc062723c751e8b465ee728b)  -> (artifact id: 'fdc41b50450c0e9f7f25b04a69051c28') in 0.108768 seconds
  Import took 0.112338 seconds .

========================================================================
Received Import Request.
  Time since last request: 1.260080 seconds.
  path: Assets/Bala.prefab
  artifactKey: Guid(f115d6700b8c4574386ffce871f91736) Importer(815301076,1909f56bfc062723c751e8b465ee728b)
Start importing Assets/Bala.prefab using Guid(f115d6700b8c4574386ffce871f91736) Importer(815301076,1909f56bfc062723c751e8b465ee728b)  -> (artifact id: '4f37941950b6a2374f9de269b67c4000') in 0.020351 seconds
  Import took 0.023829 seconds .

========================================================================
Received Import Request.
  Time since last request: 2.422172 seconds.
  path: Assets/Bala.prefab
  artifactKey: Guid(f115d6700b8c4574386ffce871f91736) Importer(815301076,1909f56bfc062723c751e8b465ee728b)
Start importing Assets/Bala.prefab using Guid(f115d6700b8c4574386ffce871f91736) Importer(815301076,1909f56bfc062723c751e8b465ee728b)  -> (artifact id: '40208b3b16e5aa29c59b00cb1d381f95') in 0.016111 seconds
  Import took 0.019535 seconds .

========================================================================
Received Import Request.
  Time since last request: 2.253133 seconds.
  path: Assets/Bala.prefab
  artifactKey: Guid(f115d6700b8c4574386ffce871f91736) Importer(815301076,1909f56bfc062723c751e8b465ee728b)
Start importing Assets/Bala.prefab using Guid(f115d6700b8c4574386ffce871f91736) Importer(815301076,1909f56bfc062723c751e8b465ee728b)  -> (artifact id: '0e145386c496571e5599681e1910fdca') in 0.015494 seconds
  Import took 0.018622 seconds .

========================================================================
Received Import Request.
  Time since last request: 1.597330 seconds.
  path: Assets/Bala.prefab
  artifactKey: Guid(f115d6700b8c4574386ffce871f91736) Importer(815301076,1909f56bfc062723c751e8b465ee728b)
Start importing Assets/Bala.prefab using Guid(f115d6700b8c4574386ffce871f91736) Importer(815301076,1909f56bfc062723c751e8b465ee728b)  -> (artifact id: '16d62c41c5e4eddc7dca4a30b1a448a1') in 0.015759 seconds
  Import took 0.037625 seconds .

========================================================================
Received Prepare
Registering precompiled user dll's ...
Registered in 0.001421 seconds.
Begin MonoManager ReloadAssembly
Native extension for WindowsStandalone target not found
Native extension for WebGL target not found
Refreshing native plugins compatible for Editor in 0.44 ms, found 0 plugins.
Preloading 0 native plugins for Editor in 0.00 ms.
Invoked RoslynAnalysisRunner static constructor.
RoslynAnalysisRunner will not be running.
RoslynAnalysisRunner has terminated.
Mono: successfully reloaded assembly
- Completed reload, in  1.431 seconds
Platform modules already initialized, skipping
Refreshing native plugins compatible for Editor in 0.37 ms, found 0 plugins.
Preloading 0 native plugins for Editor in 0.00 ms.
Unloading 1112 Unused Serialized files (Serialized files now loaded: 0)
System memory in use before: 74.8 MB.
System memory in use after: 74.8 MB.

Unloading 5 unused Assets to reduce memory usage. Loaded Objects now: 1693.
Total: 2.528200 ms (FindLiveObjects: 0.283800 ms CreateObjectMapping: 0.066000 ms MarkObjects: 2.086500 ms  DeleteObjects: 0.089700 ms)

========================================================================
Received Import Request.
  Time since last request: 166.604796 seconds.
  path: Assets/Bala.prefab
  artifactKey: Guid(f115d6700b8c4574386ffce871f91736) Importer(815301076,1909f56bfc062723c751e8b465ee728b)
Start importing Assets/Bala.prefab using Guid(f115d6700b8c4574386ffce871f91736) Importer(815301076,1909f56bfc062723c751e8b465ee728b)  -> (artifact id: '506d55b24bd9e4bd89d9287c0191406d') in 0.086900 seconds
  Import took 0.089990 seconds .

========================================================================
Received Import Request.
  Time since last request: 4.549613 seconds.
  path: Assets/Bala.prefab
  artifactKey: Guid(f115d6700b8c4574386ffce871f91736) Importer(815301076,1909f56bfc062723c751e8b465ee728b)
Start importing Assets/Bala.prefab using Guid(f115d6700b8c4574386ffce871f91736) Importer(815301076,1909f56bfc062723c751e8b465ee728b)  -> (artifact id: '135760555ca2dbdaaf5c6d66c0bef9ca') in 0.017082 seconds
  Import took 0.023491 seconds .

========================================================================
Received Import Request.
  Time since last request: 2.808918 seconds.
  path: Assets/Bala.prefab
  artifactKey: Guid(f115d6700b8c4574386ffce871f91736) Importer(815301076,1909f56bfc062723c751e8b465ee728b)
Start importing Assets/Bala.prefab using Guid(f115d6700b8c4574386ffce871f91736) Importer(815301076,1909f56bfc062723c751e8b465ee728b)  -> (artifact id: 'd7061e57da7e22a74c56615f863f01ef') in 0.017599 seconds
  Import took 0.020450 seconds .

========================================================================
Received Prepare
Registering precompiled user dll's ...
Registered in 0.001099 seconds.
Begin MonoManager ReloadAssembly
Native extension for WindowsStandalone target not found
Native extension for WebGL target not found
Refreshing native plugins compatible for Editor in 0.33 ms, found 0 plugins.
Preloading 0 native plugins for Editor in 0.00 ms.
Invoked RoslynAnalysisRunner static constructor.
RoslynAnalysisRunner will not be running.
RoslynAnalysisRunner has terminated.
Mono: successfully reloaded assembly
- Completed reload, in  1.277 seconds
Platform modules already initialized, skipping
Refreshing native plugins compatible for Editor in 0.31 ms, found 0 plugins.
Preloading 0 native plugins for Editor in 0.00 ms.
Unloading 1112 Unused Serialized files (Serialized files now loaded: 0)
System memory in use before: 74.8 MB.
System memory in use after: 74.8 MB.

Unloading 5 unused Assets to reduce memory usage. Loaded Objects now: 1697.
Total: 2.436800 ms (FindLiveObjects: 0.198500 ms CreateObjectMapping: 0.056800 ms MarkObjects: 2.109900 ms  DeleteObjects: 0.069900 ms)

========================================================================
Received Import Request.
  Time since last request: 154.670221 seconds.
  path: Assets/PlayerIdleShoot.fbx
  artifactKey: Guid(442ce58c62bfdd94a9b14b69cd018981) Importer(815301076,1909f56bfc062723c751e8b465ee728b)
Start importing Assets/PlayerIdleShoot.fbx using Guid(442ce58c62bfdd94a9b14b69cd018981) Importer(815301076,1909f56bfc062723c751e8b465ee728b)  -> (artifact id: '6a503c37d7b99837c4e9af47df40d527') in 0.154996 seconds
  Import took 0.158236 seconds .

========================================================================
Received Import Request.
  Time since last request: 25.438340 seconds.
  path: Assets/PlayerIdleShoot.fbx
  artifactKey: Guid(442ce58c62bfdd94a9b14b69cd018981) Importer(815301076,1909f56bfc062723c751e8b465ee728b)
Start importing Assets/PlayerIdleShoot.fbx using Guid(442ce58c62bfdd94a9b14b69cd018981) Importer(815301076,1909f56bfc062723c751e8b465ee728b)  -> (artifact id: 'e7642421fd0c4e778b67d77e450da7f2') in 0.038811 seconds
  Import took 0.042126 seconds .

========================================================================
Received Prepare
Registering precompiled user dll's ...
Registered in 0.001279 seconds.
Begin MonoManager ReloadAssembly
Native extension for WindowsStandalone target not found
Native extension for WebGL target not found
Refreshing native plugins compatible for Editor in 0.31 ms, found 0 plugins.
Preloading 0 native plugins for Editor in 0.00 ms.
Invoked RoslynAnalysisRunner static constructor.
RoslynAnalysisRunner will not be running.
RoslynAnalysisRunner has terminated.
Mono: successfully reloaded assembly
- Completed reload, in  1.458 seconds
Platform modules already initialized, skipping
Refreshing native plugins compatible for Editor in 0.33 ms, found 0 plugins.
Preloading 0 native plugins for Editor in 0.00 ms.
Unloading 1112 Unused Serialized files (Serialized files now loaded: 0)
System memory in use before: 74.8 MB.
System memory in use after: 74.9 MB.

Unloading 5 unused Assets to reduce memory usage. Loaded Objects now: 1701.
Total: 2.166700 ms (FindLiveObjects: 0.184700 ms CreateObjectMapping: 0.057700 ms MarkObjects: 1.855100 ms  DeleteObjects: 0.067600 ms)

========================================================================
Received Prepare
Registering precompiled user dll's ...
Registered in 0.001585 seconds.
Begin MonoManager ReloadAssembly
Native extension for WindowsStandalone target not found
Native extension for WebGL target not found
Refreshing native plugins compatible for Editor in 0.73 ms, found 0 plugins.
Preloading 0 native plugins for Editor in 0.00 ms.
Invoked RoslynAnalysisRunner static constructor.
RoslynAnalysisRunner will not be running.
RoslynAnalysisRunner has terminated.
Mono: successfully reloaded assembly
- Completed reload, in  1.686 seconds
Platform modules already initialized, skipping
Refreshing native plugins compatible for Editor in 0.32 ms, found 0 plugins.
Preloading 0 native plugins for Editor in 0.00 ms.
Unloading 1112 Unused Serialized files (Serialized files now loaded: 0)
System memory in use before: 74.8 MB.
System memory in use after: 74.9 MB.

Unloading 5 unused Assets to reduce memory usage. Loaded Objects now: 1704.
Total: 2.464100 ms (FindLiveObjects: 0.308100 ms CreateObjectMapping: 0.063300 ms MarkObjects: 2.020100 ms  DeleteObjects: 0.070200 ms)

========================================================================
Received Prepare
Registering precompiled user dll's ...
Registered in 0.001349 seconds.
Begin MonoManager ReloadAssembly
Native extension for WindowsStandalone target not found
Native extension for WebGL target not found
Refreshing native plugins compatible for Editor in 0.36 ms, found 0 plugins.
Preloading 0 native plugins for Editor in 0.00 ms.
Invoked RoslynAnalysisRunner static constructor.
RoslynAnalysisRunner will not be running.
RoslynAnalysisRunner has terminated.
Mono: successfully reloaded assembly
- Completed reload, in  1.778 seconds
Platform modules already initialized, skipping
Refreshing native plugins compatible for Editor in 0.44 ms, found 0 plugins.
Preloading 0 native plugins for Editor in 0.00 ms.
Unloading 1112 Unused Serialized files (Serialized files now loaded: 0)
System memory in use before: 74.8 MB.
System memory in use after: 74.9 MB.

Unloading 5 unused Assets to reduce memory usage. Loaded Objects now: 1707.
Total: 2.818200 ms (FindLiveObjects: 0.329100 ms CreateObjectMapping: 0.061600 ms MarkObjects: 2.331300 ms  DeleteObjects: 0.094000 ms)

AssetImportWorkerClient::OnTransportError - code=2 error=End of file
