Using pre-set license
Built from '2021.1/staging' branch; Version is '2021.1.15f1 (e767a7370072) revision 15165351'; Using compiler version '192528614'; Build Type 'Release'
OS: 'Windows 10 Pro; OS build 19042.1083; Version 2009; 64bit' Language: 'es' Physical Memory: 24573 MB
BatchMode: 1, IsHumanControllingUs: 0, StartBugReporterOnCrash: 0, Is64bit: 1, IsPro: 0

 COMMAND LINE ARGUMENTS:
C:\Program Files\Unity\Hub\Editor\2021.1.15f1\Editor\Unity.exe
-adb2
-batchMode
-noUpm
-name
AssetImportWorker0
-projectPath
C:/Users/Admin/Documents/GitHub/TopDownShooter/IsometricTopDown
-logFile
Logs/AssetImportWorker0.log
-srvPort
52467
Successfully changed project path to: C:/Users/Admin/Documents/GitHub/TopDownShooter/IsometricTopDown
C:/Users/Admin/Documents/GitHub/TopDownShooter/IsometricTopDown
Using Asset Import Pipeline V2.
Refreshing native plugins compatible for Editor in 126.83 ms, found 3 plugins.
Preloading 0 native plugins for Editor in 0.00 ms.
Initialize engine version: 2021.1.15f1 (e767a7370072)
[Subsystems] Discovering subsystems at path C:/Program Files/Unity/Hub/Editor/2021.1.15f1/Editor/Data/Resources/UnitySubsystems
[Subsystems] Discovering subsystems at path C:/Users/Admin/Documents/GitHub/TopDownShooter/IsometricTopDown/Assets
GfxDevice: creating device client; threaded=0; jobified=0
Direct3D:
    Version:  Direct3D 11.0 [level 11.1]
    Renderer: Radeon (TM) RX 470 Graphics (ID=0x67df)
    Vendor:   ATI
    VRAM:     4075 MB
    Driver:   27.20.22001.16006
Initialize mono
Mono path[0] = 'C:/Program Files/Unity/Hub/Editor/2021.1.15f1/Editor/Data/Managed'
Mono path[1] = 'C:/Program Files/Unity/Hub/Editor/2021.1.15f1/Editor/Data/MonoBleedingEdge/lib/mono/unityjit'
Mono config path = 'C:/Program Files/Unity/Hub/Editor/2021.1.15f1/Editor/Data/MonoBleedingEdge/etc'
Using monoOptions --debugger-agent=transport=dt_socket,embedding=1,server=y,suspend=n,address=127.0.0.1:56508
Begin MonoManager ReloadAssembly
Registering precompiled unity dll's ...
Register platform support module: C:/Program Files/Unity/Hub/Editor/2021.1.15f1/Editor/Data/PlaybackEngines/WebGLSupport/UnityEditor.WebGL.Extensions.dll
Register platform support module: C:/Program Files/Unity/Hub/Editor/2021.1.15f1/Editor/Data/PlaybackEngines/WindowsStandaloneSupport/UnityEditor.WindowsStandalone.Extensions.dll
Registered in 0.004440 seconds.
Native extension for WindowsStandalone target not found
Native extension for WebGL target not found
Refreshing native plugins compatible for Editor in 135.29 ms, found 3 plugins.
Preloading 0 native plugins for Editor in 0.00 ms.
Mono: successfully reloaded assembly
- Completed reload, in  2.638 seconds
Domain Reload Profiling:
	ReloadAssembly (2638ms)
		BeginReloadAssembly (95ms)
			ExecutionOrderSort (0ms)
			DisableScriptedObjects (0ms)
			BackupInstance (0ms)
			ReleaseScriptingObjects (0ms)
			CreateAndSetChildDomain (1ms)
		EndReloadAssembly (848ms)
			LoadAssemblies (90ms)
			RebuildTransferFunctionScriptingTraits (0ms)
			SetupTypeCache (328ms)
			ReleaseScriptCaches (0ms)
			RebuildScriptCaches (56ms)
			SetupLoadedEditorAssemblies (380ms)
				LogAssemblyErrors (0ms)
				InitializePlatformSupportModulesInManaged (12ms)
				SetLoadedEditorAssemblies (0ms)
				RefreshPlugins (135ms)
				BeforeProcessingInitializeOnLoad (3ms)
				ProcessInitializeOnLoadAttributes (177ms)
				ProcessInitializeOnLoadMethodAttributes (53ms)
				AfterProcessingInitializeOnLoad (0ms)
				EditorAssembliesLoaded (0ms)
			ExecutionOrderSort2 (0ms)
			AwakeInstancesAfterBackupRestoration (0ms)
Platform modules already initialized, skipping
Registering precompiled user dll's ...
Registered in 0.010063 seconds.
Begin MonoManager ReloadAssembly
Symbol file LoadedFromMemory doesn't match image C:\Users\Admin\Documents\GitHub\TopDownShooter\IsometricTopDown\Library\PackageCache\com.unity.visualscripting@1.6.1\Editor\VisualScripting.Core\Dependencies\YamlDotNet\Unity.VisualScripting.YamlDotNet.dll
Symbol file LoadedFromMemory doesn't match image C:\Users\Admin\Documents\GitHub\TopDownShooter\IsometricTopDown\Library\PackageCache\com.unity.visualscripting@1.6.1\Editor\VisualScripting.Core\Dependencies\DotNetZip\Unity.VisualScripting.IonicZip.dll
Native extension for WindowsStandalone target not found
Native extension for WebGL target not found
Refreshing native plugins compatible for Editor in 0.90 ms, found 3 plugins.
Preloading 0 native plugins for Editor in 0.00 ms.
Mono: successfully reloaded assembly
- Completed reload, in  2.022 seconds
Domain Reload Profiling:
	ReloadAssembly (2023ms)
		BeginReloadAssembly (309ms)
			ExecutionOrderSort (0ms)
			DisableScriptedObjects (12ms)
			BackupInstance (0ms)
			ReleaseScriptingObjects (0ms)
			CreateAndSetChildDomain (33ms)
		EndReloadAssembly (1584ms)
			LoadAssemblies (163ms)
			RebuildTransferFunctionScriptingTraits (0ms)
			SetupTypeCache (609ms)
			ReleaseScriptCaches (1ms)
			RebuildScriptCaches (83ms)
			SetupLoadedEditorAssemblies (552ms)
				LogAssemblyErrors (0ms)
				InitializePlatformSupportModulesInManaged (11ms)
				SetLoadedEditorAssemblies (1ms)
				RefreshPlugins (1ms)
				BeforeProcessingInitializeOnLoad (111ms)
				ProcessInitializeOnLoadAttributes (407ms)
				ProcessInitializeOnLoadMethodAttributes (7ms)
				AfterProcessingInitializeOnLoad (14ms)
				EditorAssembliesLoaded (0ms)
			ExecutionOrderSort2 (0ms)
			AwakeInstancesAfterBackupRestoration (12ms)
Platform modules already initialized, skipping
========================================================================
Worker process is ready to serve import requests
Launched and connected shader compiler UnityShaderCompiler.exe after 0.05 seconds
Refreshing native plugins compatible for Editor in 0.85 ms, found 3 plugins.
Preloading 0 native plugins for Editor in 0.00 ms.
Unloading 2950 Unused Serialized files (Serialized files now loaded: 0)
System memory in use before: 105.8 MB.
System memory in use after: 106.0 MB.

Unloading 23 unused Assets to reduce memory usage. Loaded Objects now: 3394.
Total: 3.269600 ms (FindLiveObjects: 0.309300 ms CreateObjectMapping: 0.151600 ms MarkObjects: 2.697900 ms  DeleteObjects: 0.108700 ms)

AssetImportParameters requested are different than current active one (requested -> active):
  custom:framework-win-MediaFoundation: 216162199b28c13a410421893ffa2e32 -> 
  custom:video-decoder-ogg-theora: a1e56fd34408186e4bbccfd4996cb3dc -> 
  custom:container-muxer-webm: aa71ff27fc2769a1b78a27578f13a17b -> 
  custom:container-demuxer-webm: 4f35f7cbe854078d1ac9338744f61a02 -> 
  custom:container-demuxer-ogg: 62fdf1f143b41e24485cea50d1cbac27 -> 
  custom:video-encoder-webm-vp8: eb34c28f22e8b96e1ab97ce403110664 -> 
  custom:video-decoder-webm-vp8: 9c59270c3fd7afecdb556c50c9e8de78 -> 
  custom:audio-decoder-ogg-vorbis: bf7c407c2cedff20999df2af8eb42d56 -> 
  custom:audio-encoder-webm-vorbis: bf7c407c2cedff20999df2af8eb42d56 -> 
========================================================================
Received Import Request.
  path: Assets/ArenaMap.fbx
  artifactKey: Guid(890f168c7dbf7104d984fc7ce3f0ae7a) Importer(815301076,1909f56bfc062723c751e8b465ee728b)
Start importing Assets/ArenaMap.fbx using Guid(890f168c7dbf7104d984fc7ce3f0ae7a) Importer(815301076,1909f56bfc062723c751e8b465ee728b)  -> (artifact id: 'ff76ca9815a363613ef3d2e3e341de06') in 0.539456 seconds 
========================================================================
Received Import Request.
  Time since last request: 0.000340 seconds.
  path: Assets/PlayerBullet.prefab
  artifactKey: Guid(f115d6700b8c4574386ffce871f91736) Importer(815301076,1909f56bfc062723c751e8b465ee728b)
Start importing Assets/PlayerBullet.prefab using Guid(f115d6700b8c4574386ffce871f91736) Importer(815301076,1909f56bfc062723c751e8b465ee728b)  -> (artifact id: 'c79d22e3c84b50445ced2cd8b2558f3f') in 0.027977 seconds 
========================================================================
Received Import Request.
  Time since last request: 0.000246 seconds.
  path: Assets/PlayerIdleShoot.fbx
  artifactKey: Guid(442ce58c62bfdd94a9b14b69cd018981) Importer(815301076,1909f56bfc062723c751e8b465ee728b)
Start importing Assets/PlayerIdleShoot.fbx using Guid(442ce58c62bfdd94a9b14b69cd018981) Importer(815301076,1909f56bfc062723c751e8b465ee728b)  -> (artifact id: '1c2a63ac389b54d207b1e56cadff08e8') in 0.059344 seconds 
========================================================================
Received Import Request.
  Time since last request: 0.000247 seconds.
  path: Assets/torreta.fbx
  artifactKey: Guid(3b469d98f82c04d4c9a6deb27973ea87) Importer(815301076,1909f56bfc062723c751e8b465ee728b)
Start importing Assets/torreta.fbx using Guid(3b469d98f82c04d4c9a6deb27973ea87) Importer(815301076,1909f56bfc062723c751e8b465ee728b)  -> (artifact id: '6eb1129c618d0c2cac43c2c584425b37') in 0.050454 seconds 
========================================================================
Received Import Request.
  Time since last request: 0.000414 seconds.
  path: Assets/EvilBot.fbx
  artifactKey: Guid(db0ab7fa5f62b6c44806809e739d589a) Importer(815301076,1909f56bfc062723c751e8b465ee728b)
Start importing Assets/EvilBot.fbx using Guid(db0ab7fa5f62b6c44806809e739d589a) Importer(815301076,1909f56bfc062723c751e8b465ee728b)  -> (artifact id: '0ee31f28dddc17c80d3c9ae6d484af5e') in 0.025084 seconds 
========================================================================
Received Import Request.
  Time since last request: 0.000224 seconds.
  path: Assets/EnemyBullet.prefab
  artifactKey: Guid(f7b1b7379fae1db4cae30e84310c36b3) Importer(815301076,1909f56bfc062723c751e8b465ee728b)
Start importing Assets/EnemyBullet.prefab using Guid(f7b1b7379fae1db4cae30e84310c36b3) Importer(815301076,1909f56bfc062723c751e8b465ee728b)  -> (artifact id: '462a72190b8d531c0c1d6e4d5128dfad') in 0.016938 seconds 
========================================================================
Received Import Request.
  Time since last request: 0.000272 seconds.
  path: Assets/ArenaTexture_Sprite.png
  artifactKey: Guid(c1e95c0468d143147a4c58791d60f9ac) Importer(815301076,1909f56bfc062723c751e8b465ee728b)
Start importing Assets/ArenaTexture_Sprite.png using Guid(c1e95c0468d143147a4c58791d60f9ac) Importer(815301076,1909f56bfc062723c751e8b465ee728b)  -> (artifact id: '3d04d7d3fd19a14169ab7912683f0c53') in 0.049673 seconds 
========================================================================
Received Import Request.
  Time since last request: 0.000269 seconds.
  path: Assets/Rumba.fbx
  artifactKey: Guid(2d757ada6e96fdb4fbe1b28238bde800) Importer(815301076,1909f56bfc062723c751e8b465ee728b)
Start importing Assets/Rumba.fbx using Guid(2d757ada6e96fdb4fbe1b28238bde800) Importer(815301076,1909f56bfc062723c751e8b465ee728b)  -> (artifact id: '725fa4150252bf777e02a3465a8e9c60') in 0.036602 seconds 
AssetImportWorkerClient::OnTransportError - code=2 error=End of file
